{"name": "test_sign_in_link_header", "status": "failed", "statusDetails": {"message": "AssertionError", "trace": "self = <new_test_suite.test_sign_in.TestSignInPage object at 0x7f14e67be9d0>\nbrowser_fixture = <selenium.webdriver.chrome.webdriver.WebDriver (session=\"59105ab06ac1f8e11211d641b4614853\")>\n\n    def test_sign_in_link_header(self, browser_fixture):\n        sign_up_page = SignUpSearchHelper(browser_fixture)\n        sign_in_page = SignInSearchHelper(browser_fixture)\n        sign_up_page.go_to_sign_up_page()\n        sign_up_page.click_on_sign_in_link()\n>       sign_in_page.check_sign_in_header(\"Sign in\")\n\ntest_sign_in.py:11: \n_ _ _ _ _ _ _ _ _ _ _ _ _ _ _ _ _ _ _ _ _ _ _ _ _ _ _ _ _ _ _ _ _ _ _ _ _ _ _ _ _ _ _ _ _ _ _ _ _ _ _ _ _ _ _ _ _ _ _ _ _ _ _ _ _ _ _ _ _ _ _ _ _ _ _ _ _ _ _ _ _ _ _\n\nself = <pages.sign_in_object.SignInSearchHelper object at 0x7f14e67bebd0>, header = 'Sign in'\n\n    def check_sign_in_header(self, header):\n>       assert self.sign_in_page_header() == header\nE       AssertionError\n\n../pages/sign_in_object.py:28: AssertionError"}, "start": 1613387564628, "stop": 1613387565862, "uuid": "ba881d0a-60c3-43c2-8703-b18f6ce0794a", "historyId": "ec2022731330246d01c15d89e3038011", "testCaseId": "0218e7568555254323971cccae3a290e", "fullName": "test_sign_in.TestSignInPage#test_sign_in_link_header", "labels": [{"name": "suite", "value": "test_sign_in"}, {"name": "subSuite", "value": "TestSignInPage"}, {"name": "host", "value": "lv0120"}, {"name": "thread", "value": "11565-MainThread"}, {"name": "framework", "value": "pytest"}, {"name": "language", "value": "cpython3"}, {"name": "package", "value": "test_sign_in"}]}